-------------------------------------------------------------------------------
Test set: com.acarasiov.vmsoft.VendingMachineServiceImplTest
-------------------------------------------------------------------------------
Tests run: 2, Failures: 0, Errors: 2, Skipped: 0, Time elapsed: 0.287 s <<< FAILURE! - in com.acarasiov.vmsoft.VendingMachineServiceImplTest
testAllItems(com.acarasiov.vmsoft.VendingMachineServiceImplTest)  Time elapsed: 0.004 s  <<< ERROR!
org.springframework.beans.factory.CannotLoadBeanClassException: Cannot find class [com.sg.vendingmachinespringmvc.dao.VendingMachineDaoInMemImpl] for bean with name 'vendingMachineDao' defined in class path resource [test-applicationContext.xml]; nested exception is java.lang.ClassNotFoundException: com.sg.vendingmachinespringmvc.dao.VendingMachineDaoInMemImpl
	at com.acarasiov.vmsoft.VendingMachineServiceImplTest.<init>(VendingMachineServiceImplTest.java:33)
Caused by: java.lang.ClassNotFoundException: com.sg.vendingmachinespringmvc.dao.VendingMachineDaoInMemImpl
	at com.acarasiov.vmsoft.VendingMachineServiceImplTest.<init>(VendingMachineServiceImplTest.java:33)

testGetItemById(com.acarasiov.vmsoft.VendingMachineServiceImplTest)  Time elapsed: 0 s  <<< ERROR!
org.springframework.beans.factory.CannotLoadBeanClassException: Cannot find class [com.sg.vendingmachinespringmvc.dao.VendingMachineDaoInMemImpl] for bean with name 'vendingMachineDao' defined in class path resource [test-applicationContext.xml]; nested exception is java.lang.ClassNotFoundException: com.sg.vendingmachinespringmvc.dao.VendingMachineDaoInMemImpl
	at com.acarasiov.vmsoft.VendingMachineServiceImplTest.<init>(VendingMachineServiceImplTest.java:33)
Caused by: java.lang.ClassNotFoundException: com.sg.vendingmachinespringmvc.dao.VendingMachineDaoInMemImpl
	at com.acarasiov.vmsoft.VendingMachineServiceImplTest.<init>(VendingMachineServiceImplTest.java:33)

