<?xml version="1.0" encoding="UTF-8"?>
<testsuite xmlns:xsi="http://www.w3.org/2001/XMLSchema-instance" xsi:noNamespaceSchemaLocation="https://maven.apache.org/surefire/maven-surefire-plugin/xsd/surefire-test-report.xsd" name="com.acarasiov.vmsoft.VendingMachineServiceImplTest" time="0.287" tests="2" errors="2" skipped="0" failures="0">
  <properties>
[...]
</properties>
  <testcase name="testAllItems" classname="com.acarasiov.vmsoft.VendingMachineServiceImplTest" time="0.004">
    <error message="Cannot find class [com.sg.vendingmachinespringmvc.dao.VendingMachineDaoInMemImpl] for bean with name &apos;vendingMachineDao&apos; defined in class path resource [test-applicationContext.xml]; nested exception is java.lang.ClassNotFoundException: com.sg.vendingmachinespringmvc.dao.VendingMachineDaoInMemImpl" type="org.springframework.beans.factory.CannotLoadBeanClassException"><![CDATA[org.springframework.beans.factory.CannotLoadBeanClassException: Cannot find class [com.sg.vendingmachinespringmvc.dao.VendingMachineDaoInMemImpl] for bean with name 'vendingMachineDao' defined in class path resource [test-applicationContext.xml]; nested exception is java.lang.ClassNotFoundException: com.sg.vendingmachinespringmvc.dao.VendingMachineDaoInMemImpl
	at com.acarasiov.vmsoft.VendingMachineServiceImplTest.<init>(VendingMachineServiceImplTest.java:33)
Caused by: java.lang.ClassNotFoundException: com.sg.vendingmachinespringmvc.dao.VendingMachineDaoInMemImpl
	at com.acarasiov.vmsoft.VendingMachineServiceImplTest.<init>(VendingMachineServiceImplTest.java:33)
]]></error>
    <system-err><![CDATA[Juni 09, 2021 9:25:26 PM org.springframework.context.support.AbstractApplicationContext refresh
WARNING: Exception encountered during context initialization - cancelling refresh attempt: org.springframework.beans.factory.CannotLoadBeanClassException: Cannot find class [com.sg.vendingmachinespringmvc.dao.VendingMachineDaoInMemImpl] for bean with name 'vendingMachineDao' defined in class path resource [test-applicationContext.xml]; nested exception is java.lang.ClassNotFoundException: com.sg.vendingmachinespringmvc.dao.VendingMachineDaoInMemImpl
]]></system-err>
  </testcase>
  <testcase name="testGetItemById" classname="com.acarasiov.vmsoft.VendingMachineServiceImplTest" time="0">
    <error message="Cannot find class [com.sg.vendingmachinespringmvc.dao.VendingMachineDaoInMemImpl] for bean with name &apos;vendingMachineDao&apos; defined in class path resource [test-applicationContext.xml]; nested exception is java.lang.ClassNotFoundException: com.sg.vendingmachinespringmvc.dao.VendingMachineDaoInMemImpl" type="org.springframework.beans.factory.CannotLoadBeanClassException"><![CDATA[org.springframework.beans.factory.CannotLoadBeanClassException: Cannot find class [com.sg.vendingmachinespringmvc.dao.VendingMachineDaoInMemImpl] for bean with name 'vendingMachineDao' defined in class path resource [test-applicationContext.xml]; nested exception is java.lang.ClassNotFoundException: com.sg.vendingmachinespringmvc.dao.VendingMachineDaoInMemImpl
	at com.acarasiov.vmsoft.VendingMachineServiceImplTest.<init>(VendingMachineServiceImplTest.java:33)
Caused by: java.lang.ClassNotFoundException: com.sg.vendingmachinespringmvc.dao.VendingMachineDaoInMemImpl
	at com.acarasiov.vmsoft.VendingMachineServiceImplTest.<init>(VendingMachineServiceImplTest.java:33)
]]></error>
    <system-err><![CDATA[Juni 09, 2021 9:25:26 PM org.springframework.context.support.AbstractApplicationContext refresh
WARNING: Exception encountered during context initialization - cancelling refresh attempt: org.springframework.beans.factory.CannotLoadBeanClassException: Cannot find class [com.sg.vendingmachinespringmvc.dao.VendingMachineDaoInMemImpl] for bean with name 'vendingMachineDao' defined in class path resource [test-applicationContext.xml]; nested exception is java.lang.ClassNotFoundException: com.sg.vendingmachinespringmvc.dao.VendingMachineDaoInMemImpl
]]></system-err>
  </testcase>
</testsuite>